is preparing..
Compile done
running..
testcase 1 is running
testcase 2 is running
testcase 3 is running
testcase 4 is running
testcase 5 is running
testcase 6 is running
testcase 7 is running
testcase 8 is running
testcase 9 is running
testcase 10 is running
testcase 11 is running
testcase 12 is running
testcase 13 is running
testcase 14 is running
testcase 15 is running
testcase 16 is running
testcase 17 is running
testcase 18 is running
testcase 19 is running
testcase 20 is running
testcase 21 is running
testcase 22 is running
testcase 23 is running
testcase 24 is running
testcase 25 is running
testcase 26 is running
testcase 27 is running
testcase 28 is running
testcase 29 is running
testcase 30 is running
testcase 31 is running
testcase 32 is running
testcase 33 is running
All testcases accepted
